<?xml version="1.0" encoding="UTF-8"?> 
<ARINC_653_Module xmlns:xsi="http://www.w3.org/2001/XMLSchema-instance" ModuleName="TEST-DEF-01570"> 
	
    <!-- =========================================================================================
    System Health Monitor Table
    ========================================================================================= -->	
    <System_HM_Table>
        <System_State_Entry Description="Module Initialization" SystemState="0">
            <Error_ID_Level Description="Power Interrupt" ErrorIdentifier="0" ErrorLevel="MODULE"/>
            <Error_ID_Level Description="Illegal Instruction" ErrorIdentifier="1" ErrorLevel="MODULE"/>
            <Error_ID_Level Description="Segmentation Error" ErrorIdentifier="2" ErrorLevel="MODULE"/>
            <Error_ID_Level Description="Unimplemented Error" ErrorIdentifier="3" ErrorLevel="MODULE"/>
            <Error_ID_Level Description="Floating Point Error" ErrorIdentifier="4" ErrorLevel="MODULE"/>
            <Error_ID_Level Description="Overflow Error" ErrorIdentifier="5" ErrorLevel="MODULE"/>
            <Error_ID_Level Description="Divide by zero" ErrorIdentifier="6" ErrorLevel="MODULE"/>
            <Error_ID_Level Description="I/O Error" ErrorIdentifier="7" ErrorLevel="MODULE"/>
            <Error_ID_Level Description="Configuration Error" ErrorIdentifier="8" ErrorLevel="MODULE"/>
            <Error_ID_Level Description="Module Config Error" ErrorIdentifier="9" ErrorLevel="MODULE"/>
            <Error_ID_Level Description="Stack error" ErrorIdentifier="10" ErrorLevel="MODULE"/>
            <Error_ID_Level Description="Debug Error" ErrorIdentifier="11" ErrorLevel="MODULE"/>
        </System_State_Entry>
        <System_State_Entry Description="PMK Execution" SystemState="1">
            <Error_ID_Level Description="Power Interrupt" ErrorIdentifier="0" ErrorLevel="MODULE"/>
            <Error_ID_Level Description="Illegal Instruction" ErrorIdentifier="1" ErrorLevel="MODULE"/>
            <Error_ID_Level Description="Segmentation Error" ErrorIdentifier="2" ErrorLevel="MODULE"/>
            <Error_ID_Level Description="Unimplemented Error" ErrorIdentifier="3" ErrorLevel="MODULE"/>
            <Error_ID_Level Description="Floating Point Error" ErrorIdentifier="4" ErrorLevel="MODULE"/>
            <Error_ID_Level Description="Overflow Error" ErrorIdentifier="5" ErrorLevel="MODULE"/>
            <Error_ID_Level Description="Divide by zero" ErrorIdentifier="6" ErrorLevel="MODULE"/>
            <Error_ID_Level Description="I/O Error" ErrorIdentifier="7" ErrorLevel="MODULE"/>
            <Error_ID_Level Description="Configuration Error" ErrorIdentifier="8" ErrorLevel="MODULE"/>
            <Error_ID_Level Description="Module Config Error" ErrorIdentifier="9" ErrorLevel="MODULE"/>
            <Error_ID_Level Description="Stack error" ErrorIdentifier="10" ErrorLevel="MODULE"/>
            <Error_ID_Level Description="Debug Error" ErrorIdentifier="11" ErrorLevel="MODULE"/>
        </System_State_Entry>
        <System_State_Entry Description="Partition Initialization" SystemState="2">
            <Error_ID_Level Description="Power Interrupt" ErrorIdentifier="0" ErrorLevel="PARTITION"/>
            <Error_ID_Level Description="Illegal Instruction" ErrorIdentifier="1" ErrorLevel="PARTITION"/>
            <Error_ID_Level Description="Segmentation Error" ErrorIdentifier="2" ErrorLevel="PARTITION"/>
            <Error_ID_Level Description="Unimplemented Error" ErrorIdentifier="3" ErrorLevel="PARTITION"/>
            <Error_ID_Level Description="Floating Point Error" ErrorIdentifier="4" ErrorLevel="PARTITION"/>
            <Error_ID_Level Description="Overflow Error" ErrorIdentifier="5" ErrorLevel="PARTITION"/>
            <Error_ID_Level Description="Divide by zero" ErrorIdentifier="6" ErrorLevel="PARTITION"/>
            <Error_ID_Level Description="I/O Error" ErrorIdentifier="7" ErrorLevel="PARTITION"/>
            <Error_ID_Level Description="Partition Conf Error" ErrorIdentifier="8" ErrorLevel="PARTITION"/>
            <Error_ID_Level Description="Partition Init Error" ErrorIdentifier="9" ErrorLevel="PARTITION"/>
            <Error_ID_Level Description="Stack error" ErrorIdentifier="10" ErrorLevel="PARTITION"/>
            <Error_ID_Level Description="Debug Error" ErrorIdentifier="11" ErrorLevel="PARTITION"/>
            <Error_ID_Level Description="APEX Error" ErrorIdentifier="12" ErrorLevel="PARTITION"/>
        </System_State_Entry>
        <System_State_Entry Description="Partition Operating System" SystemState="3">
            <Error_ID_Level Description="Power Interrupt" ErrorIdentifier="0" ErrorLevel="PARTITION"/>
            <Error_ID_Level Description="Illegal Instruction" ErrorIdentifier="1" ErrorLevel="PARTITION"/>
            <Error_ID_Level Description="Segmentation Error" ErrorIdentifier="2" ErrorLevel="PARTITION"/>
            <Error_ID_Level Description="Unimplemented Error" ErrorIdentifier="3" ErrorLevel="PARTITION"/>
            <Error_ID_Level Description="Floating Point Error" ErrorIdentifier="4" ErrorLevel="PARTITION"/>
            <Error_ID_Level Description="Overflow Error" ErrorIdentifier="5" ErrorLevel="PARTITION"/>
            <Error_ID_Level Description="Divide by zero" ErrorIdentifier="6" ErrorLevel="PARTITION"/>
            <Error_ID_Level Description="I/O Error" ErrorIdentifier="7" ErrorLevel="PARTITION"/>
            <Error_ID_Level Description="Partition Conf Error" ErrorIdentifier="8" ErrorLevel="PARTITION"/>
            <Error_ID_Level Description="Partition Init Error" ErrorIdentifier="9" ErrorLevel="PARTITION"/>
            <Error_ID_Level Description="Stack error" ErrorIdentifier="10" ErrorLevel="PARTITION"/>
            <Error_ID_Level Description="Debug Error" ErrorIdentifier="11" ErrorLevel="PARTITION"/>
            <Error_ID_Level Description="APEX Error" ErrorIdentifier="12" ErrorLevel="PARTITION"/>
            <Error_ID_Level Description="Deadline Miss" ErrorIdentifier="13" ErrorLevel="PARTITION"/>
            <Error_ID_Level Description="App Hardware Error" ErrorIdentifier="14" ErrorLevel="PARTITION"/>
        </System_State_Entry>
        <System_State_Entry Description="Partition Application" SystemState="4">
            <Error_ID_Level Description="Power Interrupt" ErrorIdentifier="0" ErrorLevel="PARTITION"/>
            <Error_ID_Level Description="Illegal Instruction" ErrorIdentifier="1" ErrorLevel="PARTITION"/>
            <Error_ID_Level Description="Segmentation Error" ErrorIdentifier="2" ErrorLevel="PARTITION"/>
            <Error_ID_Level Description="Unimplemented Error" ErrorIdentifier="3" ErrorLevel="PARTITION"/>
            <Error_ID_Level Description="Floating Point Error" ErrorIdentifier="4" ErrorLevel="PARTITION"/>
            <Error_ID_Level Description="Overflow Error" ErrorIdentifier="5" ErrorLevel="PARTITION"/>
            <Error_ID_Level Description="Divide by zero" ErrorIdentifier="6" ErrorLevel="PARTITION"/>
            <Error_ID_Level Description="I/O Error" ErrorIdentifier="7" ErrorLevel="PARTITION"/>
            <Error_ID_Level Description="Partition Conf Error" ErrorIdentifier="8" ErrorLevel="PARTITION"/>
            <Error_ID_Level Description="Partition Init Error" ErrorIdentifier="9" ErrorLevel="PARTITION"/>
            <Error_ID_Level Description="Stack error" ErrorIdentifier="10" ErrorLevel="PARTITION"/>
            <Error_ID_Level Description="Debug Error" ErrorIdentifier="11" ErrorLevel="PARTITION"/>
            <Error_ID_Level Description="APEX Error" ErrorIdentifier="12" ErrorLevel="PARTITION"/>
            <Error_ID_Level Description="Deadline Miss" ErrorIdentifier="13" ErrorLevel="PARTITION"/>
        </System_State_Entry>
        <System_State_Entry Description="Health Monitor Processing" SystemState="6">
            <Error_ID_Level Description="Power Interrupt" ErrorIdentifier="0" ErrorLevel="MODULE"/>
            <Error_ID_Level Description="Illegal Instruction" ErrorIdentifier="1" ErrorLevel="MODULE"/>
            <Error_ID_Level Description="Segmentation Error" ErrorIdentifier="2" ErrorLevel="MODULE"/>
            <Error_ID_Level Description="Unimplemented Error" ErrorIdentifier="3" ErrorLevel="MODULE"/>
            <Error_ID_Level Description="Floating Point Error" ErrorIdentifier="4" ErrorLevel="MODULE"/>
            <Error_ID_Level Description="Overflow Error" ErrorIdentifier="5" ErrorLevel="MODULE"/>
            <Error_ID_Level Description="Divide by zero" ErrorIdentifier="6" ErrorLevel="MODULE"/>
            <Error_ID_Level Description="I/O Error" ErrorIdentifier="7" ErrorLevel="MODULE"/>
            <Error_ID_Level Description="Stack error" ErrorIdentifier="10" ErrorLevel="MODULE"/>
            <Error_ID_Level Description="Debug Error" ErrorIdentifier="11" ErrorLevel="MODULE"/>
        </System_State_Entry>
    </System_HM_Table>

    <Module_HM_Table>
        <System_State_Entry Description="Module Initialization" SystemState="0">
            <Error_ID_Action Action="SHUTDOWN" Description="Power Interrupt" ErrorIdentifier="0"/>
            <Error_ID_Action Action="SHUTDOWN" Description="Illegal Instruction" ErrorIdentifier="1"/>
            <Error_ID_Action Action="SHUTDOWN" Description="Segmentation Error" ErrorIdentifier="2"/>
            <Error_ID_Action Action="SHUTDOWN" Description="Unimplemented Error" ErrorIdentifier="3"/>
            <Error_ID_Action Action="IGNORE" Description="Floating Point Error" ErrorIdentifier="4"/>
            <Error_ID_Action Action="SHUTDOWN" Description="Overflow Error" ErrorIdentifier="5"/>
            <Error_ID_Action Action="SHUTDOWN" Description="Divide by zero" ErrorIdentifier="6"/>
            <Error_ID_Action Action="SHUTDOWN" Description="I/O Error" ErrorIdentifier="7"/>
            <Error_ID_Action Action="SHUTDOWN" Description="Configuration Error" ErrorIdentifier="8"/>
            <Error_ID_Action Action="SHUTDOWN" Description="Module Config Error" ErrorIdentifier="9"/>
            <Error_ID_Action Action="SHUTDOWN" Description="Stack error" ErrorIdentifier="10"/>
            <Error_ID_Action Action="SHUTDOWN" Description="Debug Error" ErrorIdentifier="11"/>
        </System_State_Entry>
        <System_State_Entry Description="PMK Execution" SystemState="1">
            <Error_ID_Action Action="SHUTDOWN" Description="Power Interrupt" ErrorIdentifier="0"/>
            <Error_ID_Action Action="SHUTDOWN" Description="Illegal Instruction" ErrorIdentifier="1"/>
            <Error_ID_Action Action="SHUTDOWN" Description="Segmentation Error" ErrorIdentifier="2"/>
            <Error_ID_Action Action="SHUTDOWN" Description="Unimplemented Error" ErrorIdentifier="3"/>
            <Error_ID_Action Action="SHUTDOWN" Description="Floating Point Error" ErrorIdentifier="4"/>
            <Error_ID_Action Action="SHUTDOWN" Description="Overflow Error" ErrorIdentifier="5"/>
            <Error_ID_Action Action="SHUTDOWN" Description="Divide by zero" ErrorIdentifier="6"/>
            <Error_ID_Action Action="SHUTDOWN" Description="I/O Error" ErrorIdentifier="7"/>
            <Error_ID_Action Action="IGNORE" Description="Configuration Error" ErrorIdentifier="8"/>
            <Error_ID_Action Action="SHUTDOWN" Description="Module Config Error" ErrorIdentifier="9"/>
            <Error_ID_Action Action="SHUTDOWN" Description="Stack error" ErrorIdentifier="10"/>
            <Error_ID_Action Action="SHUTDOWN" Description="Debug Error" ErrorIdentifier="11"/>
        </System_State_Entry>
        <System_State_Entry Description="Health Monitor Processing" SystemState="6">
            <Error_ID_Action Action="SHUTDOWN" Description="Power Interrupt" ErrorIdentifier="0"/>
            <Error_ID_Action Action="SHUTDOWN" Description="Illegal Instruction" ErrorIdentifier="1"/>
            <Error_ID_Action Action="SHUTDOWN" Description="Segmentation Error" ErrorIdentifier="2"/>
            <Error_ID_Action Action="SHUTDOWN" Description="Unimplemented Error" ErrorIdentifier="3"/>
            <Error_ID_Action Action="SHUTDOWN" Description="Floating Point Error" ErrorIdentifier="4"/>
            <Error_ID_Action Action="SHUTDOWN" Description="Overflow Error" ErrorIdentifier="5"/>
            <Error_ID_Action Action="SHUTDOWN" Description="Divide by zero" ErrorIdentifier="6"/>
            <Error_ID_Action Action="SHUTDOWN" Description="I/O Error" ErrorIdentifier="7"/>
            <Error_ID_Action Action="SHUTDOWN" Description="Stack error" ErrorIdentifier="10"/>
            <Error_ID_Action Action="SHUTDOWN" Description="Debug Error" ErrorIdentifier="11"/>
        </System_State_Entry>
    </Module_HM_Table>
	
    <!-- =========================================================================================
    Partition Table
    ========================================================================================= -->
	
    <!-- partition 0 -->
    <Partition 	PartitionIdentifier="0" 
                PartitionName="p0" 
                Criticality="LEVEL_A" 
                SystemPartition="false" 
                EntryPoint="test_main">
        <PartitionConfiguration Personality="RTEMS5" Cores="1">
            <Libs>LIBAIR;LIBPRINTF;IMASPEX;LIBTEST</Libs>
            <Cache>CODE; DATA</Cache>
            <Memory Size="0x500000" />
            <Permissions>
                FPU_CONTROL; CACHE_CONTROL; GLOBAL_TIME; SET_TOD; SET_PARTITION_MODE;
            </Permissions>
        </PartitionConfiguration>
    </Partition>
    <!-- partition 1 -->
    <Partition 	PartitionIdentifier="1" 
                PartitionName="p1" 
                Criticality="LEVEL_A" 
                SystemPartition="false" 
                EntryPoint="test_main">
        <PartitionConfiguration Personality="RTEMS5" Cores="1">
            <Libs>LIBAIR;LIBPRINTF;IMASPEX;LIBTEST</Libs>
            <Cache>CODE; DATA</Cache>
            <Memory Size="0x500000" />
            <Permissions>
                FPU_CONTROL; CACHE_CONTROL; GLOBAL_TIME; SET_TOD; SET_PARTITION_MODE;
            </Permissions>
        </PartitionConfiguration>
    </Partition>
    <!-- partition 2 -->
    <Partition 	PartitionIdentifier="2" 
                PartitionName="p2" 
                Criticality="LEVEL_A" 
                SystemPartition="false" 
                EntryPoint="test_main">
        <PartitionConfiguration Personality="RTEMS5" Cores="1">
            <Libs>LIBAIR;LIBPRINTF;IMASPEX;LIBTEST</Libs>
            <Cache>CODE; DATA</Cache>
            <Memory Size="0x500000" />
            <Permissions>
                FPU_CONTROL; CACHE_CONTROL; GLOBAL_TIME; SET_TOD; SET_PARTITION_MODE;
            </Permissions>
        </PartitionConfiguration>
    </Partition>
    <!-- partition 3 -->
    <Partition 	PartitionIdentifier="3" 
                PartitionName="p3" 
                Criticality="LEVEL_A" 
                SystemPartition="false" 
                EntryPoint="test_main">
        <PartitionConfiguration Personality="RTEMS5" Cores="1">
            <Libs>LIBAIR;LIBPRINTF;IMASPEX;LIBTEST</Libs>
            <Cache>CODE; DATA</Cache>
            <Memory Size="0x500000" />
            <Permissions>
                FPU_CONTROL; CACHE_CONTROL; GLOBAL_TIME; SET_TOD; SET_PARTITION_MODE;
            </Permissions>
        </PartitionConfiguration>
    </Partition>
    <!-- partition 4 -->
    <Partition 	PartitionIdentifier="4" 
                PartitionName="p4" 
                Criticality="LEVEL_A" 
                SystemPartition="false" 
                EntryPoint="test_main">
        <PartitionConfiguration Personality="RTEMS5" Cores="1">
            <Libs>LIBAIR;LIBPRINTF;IMASPEX;LIBTEST</Libs>
            <Cache>CODE; DATA</Cache>
            <Memory Size="0x500000" />
            <Permissions>
                FPU_CONTROL; CACHE_CONTROL; GLOBAL_TIME; SET_TOD; SET_PARTITION_MODE;
            </Permissions>
        </PartitionConfiguration>
    </Partition>
    <!-- partition 5 -->
    <Partition 	PartitionIdentifier="5" 
                PartitionName="p5" 
                Criticality="LEVEL_A" 
                SystemPartition="false" 
                EntryPoint="test_main">
        <PartitionConfiguration Personality="RTEMS5" Cores="1">
            <Libs>LIBAIR;LIBPRINTF;IMASPEX;LIBTEST</Libs>
            <Cache>CODE; DATA</Cache>
            <Memory Size="0x500000" />
            <Permissions>
                FPU_CONTROL; CACHE_CONTROL; GLOBAL_TIME; SET_TOD; SET_PARTITION_MODE;
            </Permissions>
        </PartitionConfiguration>
    </Partition>
    <!-- partition 6 -->
    <Partition 	PartitionIdentifier="6" 
                PartitionName="p6" 
                Criticality="LEVEL_A" 
                SystemPartition="false" 
                EntryPoint="test_main">
        <PartitionConfiguration Personality="RTEMS5" Cores="1">
            <Libs>LIBAIR;LIBPRINTF;IMASPEX;LIBTEST</Libs>
            <Cache>CODE; DATA</Cache>
            <Memory Size="0x500000" />
            <Permissions>
                FPU_CONTROL; CACHE_CONTROL; GLOBAL_TIME; SET_TOD; SET_PARTITION_MODE;
            </Permissions>
        </PartitionConfiguration>
    </Partition>
    <!-- partition 7 -->
    <Partition 	PartitionIdentifier="7" 
                PartitionName="p7" 
                Criticality="LEVEL_A" 
                SystemPartition="false" 
                EntryPoint="test_main">
        <PartitionConfiguration Personality="RTEMS5" Cores="1">
            <Libs>LIBAIR;LIBPRINTF;IMASPEX;LIBTEST</Libs>
            <Cache>CODE; DATA</Cache>
            <Memory Size="0x500000" />
            <Permissions>
                FPU_CONTROL; CACHE_CONTROL; GLOBAL_TIME; SET_TOD; SET_PARTITION_MODE;
            </Permissions>
        </PartitionConfiguration>
    </Partition>
	
	
    <!-- partition 8 : Control partition -->
    <Partition 	PartitionIdentifier="8" 
                PartitionName="p8" 
                Criticality="LEVEL_A" 
                SystemPartition="false" 
                EntryPoint="test_printf">
        <PartitionConfiguration Personality="RTEMS5" Cores="1">
            <Libs>LIBAIR;LIBPRINTF;IMASPEX;LIBTEST</Libs>
            <Cache>CODE; DATA</Cache>
            <Memory Size="0x500000" />
            <Permissions>
                FPU_CONTROL; CACHE_CONTROL; GLOBAL_TIME; SET_TOD; SET_PARTITION_MODE; MODULE_CONTROL;
            </Permissions>
        </PartitionConfiguration>
    </Partition>	
	
    <SharedMemory Id="1" Name="TTEST" Size="0x10000" Unit="0x1000">
        <PartitionAccess PartitionIdentifier="0" PartitionName="p0" Permissions="RW"/>
        <PartitionAccess PartitionIdentifier="1" PartitionName="p1" Permissions="RW"/>
        <PartitionAccess PartitionIdentifier="2" PartitionName="p2" Permissions="RW"/>
        <PartitionAccess PartitionIdentifier="3" PartitionName="p3" Permissions="RW"/>
        <PartitionAccess PartitionIdentifier="4" PartitionName="p4" Permissions="RW"/>
        <PartitionAccess PartitionIdentifier="5" PartitionName="p5" Permissions="RW"/>
        <PartitionAccess PartitionIdentifier="6" PartitionName="p6" Permissions="RW"/>
        <PartitionAccess PartitionIdentifier="7" PartitionName="p7" Permissions="RW"/>
        <PartitionAccess PartitionIdentifier="8" PartitionName="p8" Permissions="RW"/>
    </SharedMemory>    
      
        
    <!-- =========================================================================================
    Module Schedules
    ========================================================================================= -->	

    <!-- module schedule 1 -->
    <Module_Schedule  ScheduleIdentifier="0" ScheduleName="test_sched" InitialModuleSchedule="true" MajorFrameSeconds="0.3">
		
        <Partition_Schedule PartitionIdentifier="0" 
                            PartitionName="p0" 
                            PeriodSeconds="0.3" 
                            PeriodDurationSeconds="0.0333"
                            SetModuleSchedule="true">
            <Window_Schedule 	WindowIdentifier="001" 
                                WindowStartSeconds="0.0" 
                                WindowDurationSeconds="0.0333" 
                                PartitionPeriodStart="true"/>
        </Partition_Schedule>
		
        <Partition_Schedule PartitionIdentifier="1" 
                            PartitionName="p1" 
                            PeriodSeconds="0.3" 
                            PeriodDurationSeconds="0.0333"
                            SetModuleSchedule="false">
            <Window_Schedule 	WindowIdentifier="101" 
                                WindowStartSeconds="0.0333" 
                                WindowDurationSeconds="0.0333" 
                                PartitionPeriodStart="true"/>
        </Partition_Schedule>
		
        <Partition_Schedule PartitionIdentifier="2" 
                            PartitionName="p2" 
                            PeriodSeconds="0.3" 
                            PeriodDurationSeconds="0.0333"
                            SetModuleSchedule="false">
            <Window_Schedule 	WindowIdentifier="201" 
                                WindowStartSeconds="0.0666" 
                                WindowDurationSeconds="0.0333" 
                                PartitionPeriodStart="true"/>
        </Partition_Schedule>
		
        <Partition_Schedule PartitionIdentifier="3" 
                            PartitionName="p3" 
                            PeriodSeconds="0.3" 
                            PeriodDurationSeconds="0.0333"
                            SetModuleSchedule="false">
            <Window_Schedule 	WindowIdentifier="301" 
                                WindowStartSeconds="0.0999" 
                                WindowDurationSeconds="0.0333" 
                                PartitionPeriodStart="true"/>
        </Partition_Schedule>
		
        <Partition_Schedule PartitionIdentifier="4" 
                            PartitionName="p4" 
                            PeriodSeconds="0.3" 
                            PeriodDurationSeconds="0.0333"
                            SetModuleSchedule="false">
            <Window_Schedule 	WindowIdentifier="401" 
                                WindowStartSeconds="0.1332" 
                                WindowDurationSeconds="0.0333" 
                                PartitionPeriodStart="true"/>
        </Partition_Schedule>
		
        <Partition_Schedule PartitionIdentifier="5" 
                            PartitionName="p5" 
                            PeriodSeconds="0.3" 
                            PeriodDurationSeconds="0.0333"
                            SetModuleSchedule="false">
            <Window_Schedule 	WindowIdentifier="501" 
                                WindowStartSeconds="0.1665" 
                                WindowDurationSeconds="0.0333" 
                                PartitionPeriodStart="true"/>
        </Partition_Schedule>
		
        <Partition_Schedule PartitionIdentifier="6" 
                            PartitionName="p6" 
                            PeriodSeconds="0.3" 
                            PeriodDurationSeconds="0.0333"
                            SetModuleSchedule="false">
            <Window_Schedule 	WindowIdentifier="601" 
                                WindowStartSeconds="0.1998" 
                                WindowDurationSeconds="0.0333" 
                                PartitionPeriodStart="true"/>
        </Partition_Schedule>
		
        <Partition_Schedule PartitionIdentifier="7" 
                            PartitionName="p7" 
                            PeriodSeconds="0.3" 
                            PeriodDurationSeconds="0.0333"
                            SetModuleSchedule="false">
            <Window_Schedule 	WindowIdentifier="701" 
                                WindowStartSeconds="0.2331" 
                                WindowDurationSeconds="0.0333" 
                                PartitionPeriodStart="true"/>
        </Partition_Schedule>
		
        <Partition_Schedule PartitionIdentifier="8" 
                            PartitionName="p8" 
                            PeriodSeconds="0.3" 
                            PeriodDurationSeconds="0.0333"
                            SetModuleSchedule="false">
            <Window_Schedule 	WindowIdentifier="801" 
                                WindowStartSeconds="0.2664" 
                                WindowDurationSeconds="0.0333" 
                                PartitionPeriodStart="true"/>
        </Partition_Schedule>
    </Module_Schedule>
    
        <!-- module schedule 2 -->
    <Module_Schedule  ScheduleIdentifier="1" ScheduleName="test_sched2" InitialModuleSchedule="false" MajorFrameSeconds="1.5">
		
        <Partition_Schedule PartitionIdentifier="0" 
                            PartitionName="p0" 
                            PeriodSeconds="1.5" 
                            PeriodDurationSeconds="0.1667"
                            SetModuleSchedule="true">
            <Window_Schedule 	WindowIdentifier="001" 
                                WindowStartSeconds="0.0" 
                                WindowDurationSeconds="0.1667" 
                                PartitionPeriodStart="true"/>
        </Partition_Schedule>
		
        <Partition_Schedule PartitionIdentifier="1" 
                            PartitionName="p1" 
                            PeriodSeconds="1.5" 
                            PeriodDurationSeconds="0.1667"
                            SetModuleSchedule="false">
            <Window_Schedule 	WindowIdentifier="101" 
                                WindowStartSeconds="0.1667" 
                                WindowDurationSeconds="0.1667" 
                                PartitionPeriodStart="true"/>
        </Partition_Schedule>
		
        <Partition_Schedule PartitionIdentifier="2" 
                            PartitionName="p2" 
                            PeriodSeconds="1.5" 
                            PeriodDurationSeconds="0.1667"
                            SetModuleSchedule="false">
            <Window_Schedule 	WindowIdentifier="201" 
                                WindowStartSeconds="0.3334" 
                                WindowDurationSeconds="0.1667" 
                                PartitionPeriodStart="true"/>
        </Partition_Schedule>
		
        <Partition_Schedule PartitionIdentifier="3" 
                            PartitionName="p3" 
                            PeriodSeconds="1.5" 
                            PeriodDurationSeconds="0.1667"
                            SetModuleSchedule="false">
            <Window_Schedule 	WindowIdentifier="301" 
                                WindowStartSeconds="0.5001" 
                                WindowDurationSeconds="0.1667" 
                                PartitionPeriodStart="true"/>
        </Partition_Schedule>
		
        <Partition_Schedule PartitionIdentifier="4" 
                            PartitionName="p4" 
                            PeriodSeconds="1.5" 
                            PeriodDurationSeconds="0.1667"
                            SetModuleSchedule="false">
            <Window_Schedule 	WindowIdentifier="401" 
                                WindowStartSeconds="0.6668" 
                                WindowDurationSeconds="0.1667" 
                                PartitionPeriodStart="true"/>
        </Partition_Schedule>
		
        <Partition_Schedule PartitionIdentifier="5" 
                            PartitionName="p5" 
                            PeriodSeconds="1.5" 
                            PeriodDurationSeconds="0.1667"
                            SetModuleSchedule="false">
            <Window_Schedule 	WindowIdentifier="501" 
                                WindowStartSeconds="0.8335" 
                                WindowDurationSeconds="0.1667" 
                                PartitionPeriodStart="true"/>
        </Partition_Schedule>
		
        <Partition_Schedule PartitionIdentifier="6" 
                            PartitionName="p6" 
                            PeriodSeconds="1.5" 
                            PeriodDurationSeconds="0.1667"
                            SetModuleSchedule="false">
            <Window_Schedule 	WindowIdentifier="601" 
                                WindowStartSeconds="1.0002" 
                                WindowDurationSeconds="0.1667" 
                                PartitionPeriodStart="true"/>
        </Partition_Schedule>
		
        <Partition_Schedule PartitionIdentifier="7" 
                            PartitionName="p7" 
                            PeriodSeconds="1.5" 
                            PeriodDurationSeconds="0.1667"
                            SetModuleSchedule="false">
            <Window_Schedule 	WindowIdentifier="701" 
                                WindowStartSeconds="1.1669" 
                                WindowDurationSeconds="0.1667" 
                                PartitionPeriodStart="true"/>
        </Partition_Schedule>
		
        <Partition_Schedule PartitionIdentifier="8" 
                            PartitionName="p8" 
                            PeriodSeconds="1.5" 
                            PeriodDurationSeconds="0.1667"
                            SetModuleSchedule="false">
            <Window_Schedule 	WindowIdentifier="801" 
                                WindowStartSeconds="1.3336" 
                                WindowDurationSeconds="0.1667" 
                                PartitionPeriodStart="true"/>
        </Partition_Schedule>
    </Module_Schedule>
	
    <!-- =========================================================================================
    Partition Health Monitor Table
    ========================================================================================= -->
    <Partition_HM_Table PartitionIdentifier="0" PartitionName="p0" PartitionCallback="partition_HM_callback">
        <System_State_Entry Description="Partition Initialization" SystemState="2">
            <Error_ID_Action Action="IGNORE" Description="Power Interrupt" ErrorIdentifier="0"/>
            <Error_ID_Action Action="COLD_START" Description="Illegal Instruction" ErrorIdentifier="1"/>
            <Error_ID_Action Action="COLD_START" Description="Segmentation Error" ErrorIdentifier="2"/>
            <Error_ID_Action Action="COLD_START" Description="Unimplemented Error" ErrorIdentifier="3"/>
            <Error_ID_Action Action="IGNORE" Description="Floating Point Error" ErrorIdentifier="4"/>
            <Error_ID_Action Action="COLD_START" Description="Overflow Error" ErrorIdentifier="5"/>
            <Error_ID_Action Action="WARM_START" Description="Divide by zero" ErrorIdentifier="6"/>
            <Error_ID_Action Action="COLD_START" Description="I/O Error" ErrorIdentifier="7"/>
            <Error_ID_Action Action="IDLE" Description="Partition Conf Error" ErrorIdentifier="8"/>
            <Error_ID_Action Action="IDLE" Description="Partition Init Error" ErrorIdentifier="9"/>
            <Error_ID_Action Action="COLD_START" Description="Stack error" ErrorIdentifier="10"/>
            <Error_ID_Action Action="IGNORE" Description="Debug Error" ErrorIdentifier="11"/>
            <Error_ID_Action Action="WARM_START" Description="APEX Error" ErrorIdentifier="12"/>
        </System_State_Entry>
        <System_State_Entry Description="Partition Operating System" SystemState="3">
            <Error_ID_Action Action="IGNORE" Description="Power Interrupt" ErrorIdentifier="0"/>
            <Error_ID_Action Action="COLD_START" Description="Illegal Instruction" ErrorIdentifier="1"/>
            <Error_ID_Action Action="COLD_START" Description="Segmentation Error" ErrorIdentifier="2"/>
            <Error_ID_Action Action="COLD_START" Description="Unimplemented Error" ErrorIdentifier="3"/>
            <Error_ID_Action Action="IGNORE" Description="Floating Point Error" ErrorIdentifier="4"/>
            <Error_ID_Action Action="COLD_START" Description="Overflow Error" ErrorIdentifier="5"/>
            <Error_ID_Action Action="COLD_START" Description="Divide by zero" ErrorIdentifier="6"/>
            <Error_ID_Action Action="COLD_START" Description="I/O Error" ErrorIdentifier="7"/>
            <Error_ID_Action Action="COLD_START" Description="Stack error" ErrorIdentifier="10"/>
            <Error_ID_Action Action="IGNORE" Description="Debug Error" ErrorIdentifier="11"/>
            <Error_ID_Action Action="WARM_START" Description="APEX Error" ErrorIdentifier="12"/>
            <Error_ID_Action Action="WARM_START" Description="Deadline Miss" ErrorIdentifier="13"/>
            <Error_ID_Action Action="COLD_START" Description="App Hardware Error" ErrorIdentifier="14"/>
        </System_State_Entry>
        <System_State_Entry Description="Partition Application" SystemState="4">
            <Error_ID_Action Action="IGNORE" Description="Power Interrupt" ErrorIdentifier="0"/>
            <Error_ID_Action Action="COLD_START" Description="Illegal Instruction" ErrorIdentifier="1"/>
            <Error_ID_Action Action="COLD_START" Description="Segmentation Error" ErrorIdentifier="2"/>
            <Error_ID_Action Action="COLD_START" Description="Unimplemented Error" ErrorIdentifier="3"/>
            <Error_ID_Action Action="IGNORE" Description="Floating Point Error" ErrorIdentifier="4"/>
            <Error_ID_Action Action="WARM_START" Description="Overflow Error" ErrorIdentifier="5"/>
            <Error_ID_Action Action="WARM_START" Description="Divide by zero" ErrorIdentifier="6"/>
            <Error_ID_Action Action="COLD_START" Description="I/O Error" ErrorIdentifier="7"/>
            <Error_ID_Action Action="COLD_START" Description="Stack error" ErrorIdentifier="10"/>
            <Error_ID_Action Action="IGNORE" Description="Debug Error" ErrorIdentifier="11"/>
            <Error_ID_Action Action="WARM_START" Description="APEX Error" ErrorIdentifier="12"/>
            <Error_ID_Action Action="WARM_START" Description="Deadline Miss" ErrorIdentifier="13"/>
        </System_State_Entry>
    </Partition_HM_Table>
    <Partition_HM_Table PartitionIdentifier="1" PartitionName="p1" PartitionCallback="partition_HM_callback">
        <System_State_Entry Description="Partition Initialization" SystemState="2">
            <Error_ID_Action Action="IGNORE" Description="Power Interrupt" ErrorIdentifier="0"/>
            <Error_ID_Action Action="COLD_START" Description="Illegal Instruction" ErrorIdentifier="1"/>
            <Error_ID_Action Action="COLD_START" Description="Segmentation Error" ErrorIdentifier="2"/>
            <Error_ID_Action Action="COLD_START" Description="Unimplemented Error" ErrorIdentifier="3"/>
            <Error_ID_Action Action="IGNORE" Description="Floating Point Error" ErrorIdentifier="4"/>
            <Error_ID_Action Action="COLD_START" Description="Overflow Error" ErrorIdentifier="5"/>
            <Error_ID_Action Action="WARM_START" Description="Divide by zero" ErrorIdentifier="6"/>
            <Error_ID_Action Action="COLD_START" Description="I/O Error" ErrorIdentifier="7"/>
            <Error_ID_Action Action="IDLE" Description="Partition Conf Error" ErrorIdentifier="8"/>
            <Error_ID_Action Action="IDLE" Description="Partition Init Error" ErrorIdentifier="9"/>
            <Error_ID_Action Action="COLD_START" Description="Stack error" ErrorIdentifier="10"/>
            <Error_ID_Action Action="IGNORE" Description="Debug Error" ErrorIdentifier="11"/>
            <Error_ID_Action Action="WARM_START" Description="APEX Error" ErrorIdentifier="12"/>
        </System_State_Entry>
        <System_State_Entry Description="Partition Operating System" SystemState="3">
            <Error_ID_Action Action="IGNORE" Description="Power Interrupt" ErrorIdentifier="0"/>
            <Error_ID_Action Action="COLD_START" Description="Illegal Instruction" ErrorIdentifier="1"/>
            <Error_ID_Action Action="COLD_START" Description="Segmentation Error" ErrorIdentifier="2"/>
            <Error_ID_Action Action="COLD_START" Description="Unimplemented Error" ErrorIdentifier="3"/>
            <Error_ID_Action Action="IGNORE" Description="Floating Point Error" ErrorIdentifier="4"/>
            <Error_ID_Action Action="COLD_START" Description="Overflow Error" ErrorIdentifier="5"/>
            <Error_ID_Action Action="COLD_START" Description="Divide by zero" ErrorIdentifier="6"/>
            <Error_ID_Action Action="COLD_START" Description="I/O Error" ErrorIdentifier="7"/>
            <Error_ID_Action Action="COLD_START" Description="Stack error" ErrorIdentifier="10"/>
            <Error_ID_Action Action="IGNORE" Description="Debug Error" ErrorIdentifier="11"/>
            <Error_ID_Action Action="WARM_START" Description="APEX Error" ErrorIdentifier="12"/>
            <Error_ID_Action Action="WARM_START" Description="Deadline Miss" ErrorIdentifier="13"/>
            <Error_ID_Action Action="COLD_START" Description="App Hardware Error" ErrorIdentifier="14"/>
        </System_State_Entry>
        <System_State_Entry Description="Partition Application" SystemState="4">
            <Error_ID_Action Action="IGNORE" Description="Power Interrupt" ErrorIdentifier="0"/>
            <Error_ID_Action Action="COLD_START" Description="Illegal Instruction" ErrorIdentifier="1"/>
            <Error_ID_Action Action="COLD_START" Description="Segmentation Error" ErrorIdentifier="2"/>
            <Error_ID_Action Action="COLD_START" Description="Unimplemented Error" ErrorIdentifier="3"/>
            <Error_ID_Action Action="IGNORE" Description="Floating Point Error" ErrorIdentifier="4"/>
            <Error_ID_Action Action="WARM_START" Description="Overflow Error" ErrorIdentifier="5"/>
            <Error_ID_Action Action="WARM_START" Description="Divide by zero" ErrorIdentifier="6"/>
            <Error_ID_Action Action="COLD_START" Description="I/O Error" ErrorIdentifier="7"/>
            <Error_ID_Action Action="COLD_START" Description="Stack error" ErrorIdentifier="10"/>
            <Error_ID_Action Action="IGNORE" Description="Debug Error" ErrorIdentifier="11"/>
            <Error_ID_Action Action="WARM_START" Description="APEX Error" ErrorIdentifier="12"/>
            <Error_ID_Action Action="WARM_START" Description="Deadline Miss" ErrorIdentifier="13"/>
        </System_State_Entry>
    </Partition_HM_Table>
    <Partition_HM_Table PartitionIdentifier="2" PartitionName="p2" PartitionCallback="partition_HM_callback">
        <System_State_Entry Description="Partition Initialization" SystemState="2">
            <Error_ID_Action Action="IGNORE" Description="Power Interrupt" ErrorIdentifier="0"/>
            <Error_ID_Action Action="COLD_START" Description="Illegal Instruction" ErrorIdentifier="1"/>
            <Error_ID_Action Action="COLD_START" Description="Segmentation Error" ErrorIdentifier="2"/>
            <Error_ID_Action Action="COLD_START" Description="Unimplemented Error" ErrorIdentifier="3"/>
            <Error_ID_Action Action="IGNORE" Description="Floating Point Error" ErrorIdentifier="4"/>
            <Error_ID_Action Action="COLD_START" Description="Overflow Error" ErrorIdentifier="5"/>
            <Error_ID_Action Action="WARM_START" Description="Divide by zero" ErrorIdentifier="6"/>
            <Error_ID_Action Action="COLD_START" Description="I/O Error" ErrorIdentifier="7"/>
            <Error_ID_Action Action="IDLE" Description="Partition Conf Error" ErrorIdentifier="8"/>
            <Error_ID_Action Action="IDLE" Description="Partition Init Error" ErrorIdentifier="9"/>
            <Error_ID_Action Action="COLD_START" Description="Stack error" ErrorIdentifier="10"/>
            <Error_ID_Action Action="IGNORE" Description="Debug Error" ErrorIdentifier="11"/>
            <Error_ID_Action Action="WARM_START" Description="APEX Error" ErrorIdentifier="12"/>
        </System_State_Entry>
        <System_State_Entry Description="Partition Operating System" SystemState="3">
            <Error_ID_Action Action="IGNORE" Description="Power Interrupt" ErrorIdentifier="0"/>
            <Error_ID_Action Action="COLD_START" Description="Illegal Instruction" ErrorIdentifier="1"/>
            <Error_ID_Action Action="COLD_START" Description="Segmentation Error" ErrorIdentifier="2"/>
            <Error_ID_Action Action="COLD_START" Description="Unimplemented Error" ErrorIdentifier="3"/>
            <Error_ID_Action Action="IGNORE" Description="Floating Point Error" ErrorIdentifier="4"/>
            <Error_ID_Action Action="COLD_START" Description="Overflow Error" ErrorIdentifier="5"/>
            <Error_ID_Action Action="COLD_START" Description="Divide by zero" ErrorIdentifier="6"/>
            <Error_ID_Action Action="COLD_START" Description="I/O Error" ErrorIdentifier="7"/>
            <Error_ID_Action Action="COLD_START" Description="Stack error" ErrorIdentifier="10"/>
            <Error_ID_Action Action="IGNORE" Description="Debug Error" ErrorIdentifier="11"/>
            <Error_ID_Action Action="WARM_START" Description="APEX Error" ErrorIdentifier="12"/>
            <Error_ID_Action Action="WARM_START" Description="Deadline Miss" ErrorIdentifier="13"/>
            <Error_ID_Action Action="COLD_START" Description="App Hardware Error" ErrorIdentifier="14"/>
        </System_State_Entry>
        <System_State_Entry Description="Partition Application" SystemState="4">
            <Error_ID_Action Action="IGNORE" Description="Power Interrupt" ErrorIdentifier="0"/>
            <Error_ID_Action Action="COLD_START" Description="Illegal Instruction" ErrorIdentifier="1"/>
            <Error_ID_Action Action="COLD_START" Description="Segmentation Error" ErrorIdentifier="2"/>
            <Error_ID_Action Action="COLD_START" Description="Unimplemented Error" ErrorIdentifier="3"/>
            <Error_ID_Action Action="IGNORE" Description="Floating Point Error" ErrorIdentifier="4"/>
            <Error_ID_Action Action="WARM_START" Description="Overflow Error" ErrorIdentifier="5"/>
            <Error_ID_Action Action="WARM_START" Description="Divide by zero" ErrorIdentifier="6"/>
            <Error_ID_Action Action="COLD_START" Description="I/O Error" ErrorIdentifier="7"/>
            <Error_ID_Action Action="COLD_START" Description="Stack error" ErrorIdentifier="10"/>
            <Error_ID_Action Action="IGNORE" Description="Debug Error" ErrorIdentifier="11"/>
            <Error_ID_Action Action="WARM_START" Description="APEX Error" ErrorIdentifier="12"/>
            <Error_ID_Action Action="WARM_START" Description="Deadline Miss" ErrorIdentifier="13"/>
        </System_State_Entry>
    </Partition_HM_Table>
    <Partition_HM_Table PartitionIdentifier="3" PartitionName="p3" PartitionCallback="partition_HM_callback">
        <System_State_Entry Description="Partition Initialization" SystemState="2">
            <Error_ID_Action Action="IGNORE" Description="Power Interrupt" ErrorIdentifier="0"/>
            <Error_ID_Action Action="COLD_START" Description="Illegal Instruction" ErrorIdentifier="1"/>
            <Error_ID_Action Action="COLD_START" Description="Segmentation Error" ErrorIdentifier="2"/>
            <Error_ID_Action Action="COLD_START" Description="Unimplemented Error" ErrorIdentifier="3"/>
            <Error_ID_Action Action="IGNORE" Description="Floating Point Error" ErrorIdentifier="4"/>
            <Error_ID_Action Action="COLD_START" Description="Overflow Error" ErrorIdentifier="5"/>
            <Error_ID_Action Action="WARM_START" Description="Divide by zero" ErrorIdentifier="6"/>
            <Error_ID_Action Action="COLD_START" Description="I/O Error" ErrorIdentifier="7"/>
            <Error_ID_Action Action="IDLE" Description="Partition Conf Error" ErrorIdentifier="8"/>
            <Error_ID_Action Action="IDLE" Description="Partition Init Error" ErrorIdentifier="9"/>
            <Error_ID_Action Action="COLD_START" Description="Stack error" ErrorIdentifier="10"/>
            <Error_ID_Action Action="IGNORE" Description="Debug Error" ErrorIdentifier="11"/>
            <Error_ID_Action Action="WARM_START" Description="APEX Error" ErrorIdentifier="12"/>
        </System_State_Entry>
        <System_State_Entry Description="Partition Operating System" SystemState="3">
            <Error_ID_Action Action="IGNORE" Description="Power Interrupt" ErrorIdentifier="0"/>
            <Error_ID_Action Action="COLD_START" Description="Illegal Instruction" ErrorIdentifier="1"/>
            <Error_ID_Action Action="COLD_START" Description="Segmentation Error" ErrorIdentifier="2"/>
            <Error_ID_Action Action="COLD_START" Description="Unimplemented Error" ErrorIdentifier="3"/>
            <Error_ID_Action Action="IGNORE" Description="Floating Point Error" ErrorIdentifier="4"/>
            <Error_ID_Action Action="COLD_START" Description="Overflow Error" ErrorIdentifier="5"/>
            <Error_ID_Action Action="COLD_START" Description="Divide by zero" ErrorIdentifier="6"/>
            <Error_ID_Action Action="COLD_START" Description="I/O Error" ErrorIdentifier="7"/>
            <Error_ID_Action Action="COLD_START" Description="Stack error" ErrorIdentifier="10"/>
            <Error_ID_Action Action="IGNORE" Description="Debug Error" ErrorIdentifier="11"/>
            <Error_ID_Action Action="WARM_START" Description="APEX Error" ErrorIdentifier="12"/>
            <Error_ID_Action Action="WARM_START" Description="Deadline Miss" ErrorIdentifier="13"/>
            <Error_ID_Action Action="COLD_START" Description="App Hardware Error" ErrorIdentifier="14"/>
        </System_State_Entry>
        <System_State_Entry Description="Partition Application" SystemState="4">
            <Error_ID_Action Action="IGNORE" Description="Power Interrupt" ErrorIdentifier="0"/>
            <Error_ID_Action Action="COLD_START" Description="Illegal Instruction" ErrorIdentifier="1"/>
            <Error_ID_Action Action="COLD_START" Description="Segmentation Error" ErrorIdentifier="2"/>
            <Error_ID_Action Action="COLD_START" Description="Unimplemented Error" ErrorIdentifier="3"/>
            <Error_ID_Action Action="IGNORE" Description="Floating Point Error" ErrorIdentifier="4"/>
            <Error_ID_Action Action="WARM_START" Description="Overflow Error" ErrorIdentifier="5"/>
            <Error_ID_Action Action="WARM_START" Description="Divide by zero" ErrorIdentifier="6"/>
            <Error_ID_Action Action="COLD_START" Description="I/O Error" ErrorIdentifier="7"/>
            <Error_ID_Action Action="COLD_START" Description="Stack error" ErrorIdentifier="10"/>
            <Error_ID_Action Action="IGNORE" Description="Debug Error" ErrorIdentifier="11"/>
            <Error_ID_Action Action="WARM_START" Description="APEX Error" ErrorIdentifier="12"/>
            <Error_ID_Action Action="WARM_START" Description="Deadline Miss" ErrorIdentifier="13"/>
        </System_State_Entry>
    </Partition_HM_Table>
    <Partition_HM_Table PartitionIdentifier="4" PartitionName="p4" PartitionCallback="partition_HM_callback">
        <System_State_Entry Description="Partition Initialization" SystemState="2">
            <Error_ID_Action Action="IGNORE" Description="Power Interrupt" ErrorIdentifier="0"/>
            <Error_ID_Action Action="COLD_START" Description="Illegal Instruction" ErrorIdentifier="1"/>
            <Error_ID_Action Action="COLD_START" Description="Segmentation Error" ErrorIdentifier="2"/>
            <Error_ID_Action Action="COLD_START" Description="Unimplemented Error" ErrorIdentifier="3"/>
            <Error_ID_Action Action="IGNORE" Description="Floating Point Error" ErrorIdentifier="4"/>
            <Error_ID_Action Action="COLD_START" Description="Overflow Error" ErrorIdentifier="5"/>
            <Error_ID_Action Action="WARM_START" Description="Divide by zero" ErrorIdentifier="6"/>
            <Error_ID_Action Action="COLD_START" Description="I/O Error" ErrorIdentifier="7"/>
            <Error_ID_Action Action="IDLE" Description="Partition Conf Error" ErrorIdentifier="8"/>
            <Error_ID_Action Action="IDLE" Description="Partition Init Error" ErrorIdentifier="9"/>
            <Error_ID_Action Action="COLD_START" Description="Stack error" ErrorIdentifier="10"/>
            <Error_ID_Action Action="IGNORE" Description="Debug Error" ErrorIdentifier="11"/>
            <Error_ID_Action Action="WARM_START" Description="APEX Error" ErrorIdentifier="12"/>
        </System_State_Entry>
        <System_State_Entry Description="Partition Operating System" SystemState="3">
            <Error_ID_Action Action="IGNORE" Description="Power Interrupt" ErrorIdentifier="0"/>
            <Error_ID_Action Action="COLD_START" Description="Illegal Instruction" ErrorIdentifier="1"/>
            <Error_ID_Action Action="COLD_START" Description="Segmentation Error" ErrorIdentifier="2"/>
            <Error_ID_Action Action="COLD_START" Description="Unimplemented Error" ErrorIdentifier="3"/>
            <Error_ID_Action Action="IGNORE" Description="Floating Point Error" ErrorIdentifier="4"/>
            <Error_ID_Action Action="COLD_START" Description="Overflow Error" ErrorIdentifier="5"/>
            <Error_ID_Action Action="COLD_START" Description="Divide by zero" ErrorIdentifier="6"/>
            <Error_ID_Action Action="COLD_START" Description="I/O Error" ErrorIdentifier="7"/>
            <Error_ID_Action Action="COLD_START" Description="Stack error" ErrorIdentifier="10"/>
            <Error_ID_Action Action="IGNORE" Description="Debug Error" ErrorIdentifier="11"/>
            <Error_ID_Action Action="WARM_START" Description="APEX Error" ErrorIdentifier="12"/>
            <Error_ID_Action Action="WARM_START" Description="Deadline Miss" ErrorIdentifier="13"/>
            <Error_ID_Action Action="COLD_START" Description="App Hardware Error" ErrorIdentifier="14"/>
        </System_State_Entry>
        <System_State_Entry Description="Partition Application" SystemState="4">
            <Error_ID_Action Action="IGNORE" Description="Power Interrupt" ErrorIdentifier="0"/>
            <Error_ID_Action Action="COLD_START" Description="Illegal Instruction" ErrorIdentifier="1"/>
            <Error_ID_Action Action="COLD_START" Description="Segmentation Error" ErrorIdentifier="2"/>
            <Error_ID_Action Action="COLD_START" Description="Unimplemented Error" ErrorIdentifier="3"/>
            <Error_ID_Action Action="IGNORE" Description="Floating Point Error" ErrorIdentifier="4"/>
            <Error_ID_Action Action="WARM_START" Description="Overflow Error" ErrorIdentifier="5"/>
            <Error_ID_Action Action="WARM_START" Description="Divide by zero" ErrorIdentifier="6"/>
            <Error_ID_Action Action="COLD_START" Description="I/O Error" ErrorIdentifier="7"/>
            <Error_ID_Action Action="COLD_START" Description="Stack error" ErrorIdentifier="10"/>
            <Error_ID_Action Action="IGNORE" Description="Debug Error" ErrorIdentifier="11"/>
            <Error_ID_Action Action="WARM_START" Description="APEX Error" ErrorIdentifier="12"/>
            <Error_ID_Action Action="WARM_START" Description="Deadline Miss" ErrorIdentifier="13"/>
        </System_State_Entry>
    </Partition_HM_Table>
    <Partition_HM_Table PartitionIdentifier="5" PartitionName="p5" PartitionCallback="partition_HM_callback">
        <System_State_Entry Description="Partition Initialization" SystemState="2">
            <Error_ID_Action Action="IGNORE" Description="Power Interrupt" ErrorIdentifier="0"/>
            <Error_ID_Action Action="COLD_START" Description="Illegal Instruction" ErrorIdentifier="1"/>
            <Error_ID_Action Action="COLD_START" Description="Segmentation Error" ErrorIdentifier="2"/>
            <Error_ID_Action Action="COLD_START" Description="Unimplemented Error" ErrorIdentifier="3"/>
            <Error_ID_Action Action="IGNORE" Description="Floating Point Error" ErrorIdentifier="4"/>
            <Error_ID_Action Action="COLD_START" Description="Overflow Error" ErrorIdentifier="5"/>
            <Error_ID_Action Action="WARM_START" Description="Divide by zero" ErrorIdentifier="6"/>
            <Error_ID_Action Action="COLD_START" Description="I/O Error" ErrorIdentifier="7"/>
            <Error_ID_Action Action="IDLE" Description="Partition Conf Error" ErrorIdentifier="8"/>
            <Error_ID_Action Action="IDLE" Description="Partition Init Error" ErrorIdentifier="9"/>
            <Error_ID_Action Action="COLD_START" Description="Stack error" ErrorIdentifier="10"/>
            <Error_ID_Action Action="IGNORE" Description="Debug Error" ErrorIdentifier="11"/>
            <Error_ID_Action Action="WARM_START" Description="APEX Error" ErrorIdentifier="12"/>
        </System_State_Entry>
        <System_State_Entry Description="Partition Operating System" SystemState="3">
            <Error_ID_Action Action="IGNORE" Description="Power Interrupt" ErrorIdentifier="0"/>
            <Error_ID_Action Action="COLD_START" Description="Illegal Instruction" ErrorIdentifier="1"/>
            <Error_ID_Action Action="COLD_START" Description="Segmentation Error" ErrorIdentifier="2"/>
            <Error_ID_Action Action="COLD_START" Description="Unimplemented Error" ErrorIdentifier="3"/>
            <Error_ID_Action Action="IGNORE" Description="Floating Point Error" ErrorIdentifier="4"/>
            <Error_ID_Action Action="COLD_START" Description="Overflow Error" ErrorIdentifier="5"/>
            <Error_ID_Action Action="COLD_START" Description="Divide by zero" ErrorIdentifier="6"/>
            <Error_ID_Action Action="COLD_START" Description="I/O Error" ErrorIdentifier="7"/>
            <Error_ID_Action Action="COLD_START" Description="Stack error" ErrorIdentifier="10"/>
            <Error_ID_Action Action="IGNORE" Description="Debug Error" ErrorIdentifier="11"/>
            <Error_ID_Action Action="WARM_START" Description="APEX Error" ErrorIdentifier="12"/>
            <Error_ID_Action Action="WARM_START" Description="Deadline Miss" ErrorIdentifier="13"/>
            <Error_ID_Action Action="COLD_START" Description="App Hardware Error" ErrorIdentifier="14"/>
        </System_State_Entry>
        <System_State_Entry Description="Partition Application" SystemState="4">
            <Error_ID_Action Action="IGNORE" Description="Power Interrupt" ErrorIdentifier="0"/>
            <Error_ID_Action Action="COLD_START" Description="Illegal Instruction" ErrorIdentifier="1"/>
            <Error_ID_Action Action="COLD_START" Description="Segmentation Error" ErrorIdentifier="2"/>
            <Error_ID_Action Action="COLD_START" Description="Unimplemented Error" ErrorIdentifier="3"/>
            <Error_ID_Action Action="IGNORE" Description="Floating Point Error" ErrorIdentifier="4"/>
            <Error_ID_Action Action="WARM_START" Description="Overflow Error" ErrorIdentifier="5"/>
            <Error_ID_Action Action="WARM_START" Description="Divide by zero" ErrorIdentifier="6"/>
            <Error_ID_Action Action="COLD_START" Description="I/O Error" ErrorIdentifier="7"/>
            <Error_ID_Action Action="COLD_START" Description="Stack error" ErrorIdentifier="10"/>
            <Error_ID_Action Action="IGNORE" Description="Debug Error" ErrorIdentifier="11"/>
            <Error_ID_Action Action="WARM_START" Description="APEX Error" ErrorIdentifier="12"/>
            <Error_ID_Action Action="WARM_START" Description="Deadline Miss" ErrorIdentifier="13"/>
        </System_State_Entry>
    </Partition_HM_Table>
    <Partition_HM_Table PartitionIdentifier="6" PartitionName="p6" PartitionCallback="partition_HM_callback">
        <System_State_Entry Description="Partition Initialization" SystemState="2">
            <Error_ID_Action Action="IGNORE" Description="Power Interrupt" ErrorIdentifier="0"/>
            <Error_ID_Action Action="COLD_START" Description="Illegal Instruction" ErrorIdentifier="1"/>
            <Error_ID_Action Action="COLD_START" Description="Segmentation Error" ErrorIdentifier="2"/>
            <Error_ID_Action Action="COLD_START" Description="Unimplemented Error" ErrorIdentifier="3"/>
            <Error_ID_Action Action="IGNORE" Description="Floating Point Error" ErrorIdentifier="4"/>
            <Error_ID_Action Action="COLD_START" Description="Overflow Error" ErrorIdentifier="5"/>
            <Error_ID_Action Action="WARM_START" Description="Divide by zero" ErrorIdentifier="6"/>
            <Error_ID_Action Action="COLD_START" Description="I/O Error" ErrorIdentifier="7"/>
            <Error_ID_Action Action="IDLE" Description="Partition Conf Error" ErrorIdentifier="8"/>
            <Error_ID_Action Action="IDLE" Description="Partition Init Error" ErrorIdentifier="9"/>
            <Error_ID_Action Action="COLD_START" Description="Stack error" ErrorIdentifier="10"/>
            <Error_ID_Action Action="IGNORE" Description="Debug Error" ErrorIdentifier="11"/>
            <Error_ID_Action Action="WARM_START" Description="APEX Error" ErrorIdentifier="12"/>
        </System_State_Entry>
        <System_State_Entry Description="Partition Operating System" SystemState="3">
            <Error_ID_Action Action="IGNORE" Description="Power Interrupt" ErrorIdentifier="0"/>
            <Error_ID_Action Action="COLD_START" Description="Illegal Instruction" ErrorIdentifier="1"/>
            <Error_ID_Action Action="COLD_START" Description="Segmentation Error" ErrorIdentifier="2"/>
            <Error_ID_Action Action="COLD_START" Description="Unimplemented Error" ErrorIdentifier="3"/>
            <Error_ID_Action Action="IGNORE" Description="Floating Point Error" ErrorIdentifier="4"/>
            <Error_ID_Action Action="COLD_START" Description="Overflow Error" ErrorIdentifier="5"/>
            <Error_ID_Action Action="COLD_START" Description="Divide by zero" ErrorIdentifier="6"/>
            <Error_ID_Action Action="COLD_START" Description="I/O Error" ErrorIdentifier="7"/>
            <Error_ID_Action Action="COLD_START" Description="Stack error" ErrorIdentifier="10"/>
            <Error_ID_Action Action="IGNORE" Description="Debug Error" ErrorIdentifier="11"/>
            <Error_ID_Action Action="WARM_START" Description="APEX Error" ErrorIdentifier="12"/>
            <Error_ID_Action Action="WARM_START" Description="Deadline Miss" ErrorIdentifier="13"/>
            <Error_ID_Action Action="COLD_START" Description="App Hardware Error" ErrorIdentifier="14"/>
        </System_State_Entry>
        <System_State_Entry Description="Partition Application" SystemState="4">
            <Error_ID_Action Action="IGNORE" Description="Power Interrupt" ErrorIdentifier="0"/>
            <Error_ID_Action Action="COLD_START" Description="Illegal Instruction" ErrorIdentifier="1"/>
            <Error_ID_Action Action="COLD_START" Description="Segmentation Error" ErrorIdentifier="2"/>
            <Error_ID_Action Action="COLD_START" Description="Unimplemented Error" ErrorIdentifier="3"/>
            <Error_ID_Action Action="IGNORE" Description="Floating Point Error" ErrorIdentifier="4"/>
            <Error_ID_Action Action="WARM_START" Description="Overflow Error" ErrorIdentifier="5"/>
            <Error_ID_Action Action="WARM_START" Description="Divide by zero" ErrorIdentifier="6"/>
            <Error_ID_Action Action="COLD_START" Description="I/O Error" ErrorIdentifier="7"/>
            <Error_ID_Action Action="COLD_START" Description="Stack error" ErrorIdentifier="10"/>
            <Error_ID_Action Action="IGNORE" Description="Debug Error" ErrorIdentifier="11"/>
            <Error_ID_Action Action="WARM_START" Description="APEX Error" ErrorIdentifier="12"/>
            <Error_ID_Action Action="WARM_START" Description="Deadline Miss" ErrorIdentifier="13"/>
        </System_State_Entry>
    </Partition_HM_Table>
    <Partition_HM_Table PartitionIdentifier="7" PartitionName="p7" PartitionCallback="partition_HM_callback">
        <System_State_Entry Description="Partition Initialization" SystemState="2">
            <Error_ID_Action Action="IGNORE" Description="Power Interrupt" ErrorIdentifier="0"/>
            <Error_ID_Action Action="COLD_START" Description="Illegal Instruction" ErrorIdentifier="1"/>
            <Error_ID_Action Action="COLD_START" Description="Segmentation Error" ErrorIdentifier="2"/>
            <Error_ID_Action Action="COLD_START" Description="Unimplemented Error" ErrorIdentifier="3"/>
            <Error_ID_Action Action="IGNORE" Description="Floating Point Error" ErrorIdentifier="4"/>
            <Error_ID_Action Action="COLD_START" Description="Overflow Error" ErrorIdentifier="5"/>
            <Error_ID_Action Action="WARM_START" Description="Divide by zero" ErrorIdentifier="6"/>
            <Error_ID_Action Action="COLD_START" Description="I/O Error" ErrorIdentifier="7"/>
            <Error_ID_Action Action="IDLE" Description="Partition Conf Error" ErrorIdentifier="8"/>
            <Error_ID_Action Action="IDLE" Description="Partition Init Error" ErrorIdentifier="9"/>
            <Error_ID_Action Action="COLD_START" Description="Stack error" ErrorIdentifier="10"/>
            <Error_ID_Action Action="IGNORE" Description="Debug Error" ErrorIdentifier="11"/>
            <Error_ID_Action Action="WARM_START" Description="APEX Error" ErrorIdentifier="12"/>
        </System_State_Entry>
        <System_State_Entry Description="Partition Operating System" SystemState="3">
            <Error_ID_Action Action="IGNORE" Description="Power Interrupt" ErrorIdentifier="0"/>
            <Error_ID_Action Action="COLD_START" Description="Illegal Instruction" ErrorIdentifier="1"/>
            <Error_ID_Action Action="COLD_START" Description="Segmentation Error" ErrorIdentifier="2"/>
            <Error_ID_Action Action="COLD_START" Description="Unimplemented Error" ErrorIdentifier="3"/>
            <Error_ID_Action Action="IGNORE" Description="Floating Point Error" ErrorIdentifier="4"/>
            <Error_ID_Action Action="COLD_START" Description="Overflow Error" ErrorIdentifier="5"/>
            <Error_ID_Action Action="COLD_START" Description="Divide by zero" ErrorIdentifier="6"/>
            <Error_ID_Action Action="COLD_START" Description="I/O Error" ErrorIdentifier="7"/>
            <Error_ID_Action Action="COLD_START" Description="Stack error" ErrorIdentifier="10"/>
            <Error_ID_Action Action="IGNORE" Description="Debug Error" ErrorIdentifier="11"/>
            <Error_ID_Action Action="WARM_START" Description="APEX Error" ErrorIdentifier="12"/>
            <Error_ID_Action Action="WARM_START" Description="Deadline Miss" ErrorIdentifier="13"/>
            <Error_ID_Action Action="COLD_START" Description="App Hardware Error" ErrorIdentifier="14"/>
        </System_State_Entry>
        <System_State_Entry Description="Partition Application" SystemState="4">
            <Error_ID_Action Action="IGNORE" Description="Power Interrupt" ErrorIdentifier="0"/>
            <Error_ID_Action Action="COLD_START" Description="Illegal Instruction" ErrorIdentifier="1"/>
            <Error_ID_Action Action="COLD_START" Description="Segmentation Error" ErrorIdentifier="2"/>
            <Error_ID_Action Action="COLD_START" Description="Unimplemented Error" ErrorIdentifier="3"/>
            <Error_ID_Action Action="IGNORE" Description="Floating Point Error" ErrorIdentifier="4"/>
            <Error_ID_Action Action="WARM_START" Description="Overflow Error" ErrorIdentifier="5"/>
            <Error_ID_Action Action="WARM_START" Description="Divide by zero" ErrorIdentifier="6"/>
            <Error_ID_Action Action="COLD_START" Description="I/O Error" ErrorIdentifier="7"/>
            <Error_ID_Action Action="COLD_START" Description="Stack error" ErrorIdentifier="10"/>
            <Error_ID_Action Action="IGNORE" Description="Debug Error" ErrorIdentifier="11"/>
            <Error_ID_Action Action="WARM_START" Description="APEX Error" ErrorIdentifier="12"/>
            <Error_ID_Action Action="WARM_START" Description="Deadline Miss" ErrorIdentifier="13"/>
        </System_State_Entry>
    </Partition_HM_Table>
    <Partition_HM_Table PartitionIdentifier="8" PartitionName="p8" PartitionCallback="partition_HM_callback">
        <System_State_Entry Description="Partition Initialization" SystemState="2">
            <Error_ID_Action Action="IGNORE" Description="Power Interrupt" ErrorIdentifier="0"/>
            <Error_ID_Action Action="COLD_START" Description="Illegal Instruction" ErrorIdentifier="1"/>
            <Error_ID_Action Action="COLD_START" Description="Segmentation Error" ErrorIdentifier="2"/>
            <Error_ID_Action Action="COLD_START" Description="Unimplemented Error" ErrorIdentifier="3"/>
            <Error_ID_Action Action="IGNORE" Description="Floating Point Error" ErrorIdentifier="4"/>
            <Error_ID_Action Action="COLD_START" Description="Overflow Error" ErrorIdentifier="5"/>
            <Error_ID_Action Action="WARM_START" Description="Divide by zero" ErrorIdentifier="6"/>
            <Error_ID_Action Action="COLD_START" Description="I/O Error" ErrorIdentifier="7"/>
            <Error_ID_Action Action="IDLE" Description="Partition Conf Error" ErrorIdentifier="8"/>
            <Error_ID_Action Action="IDLE" Description="Partition Init Error" ErrorIdentifier="9"/>
            <Error_ID_Action Action="COLD_START" Description="Stack error" ErrorIdentifier="10"/>
            <Error_ID_Action Action="IGNORE" Description="Debug Error" ErrorIdentifier="11"/>
            <Error_ID_Action Action="WARM_START" Description="APEX Error" ErrorIdentifier="12"/>
        </System_State_Entry>
        <System_State_Entry Description="Partition Operating System" SystemState="3">
            <Error_ID_Action Action="IGNORE" Description="Power Interrupt" ErrorIdentifier="0"/>
            <Error_ID_Action Action="COLD_START" Description="Illegal Instruction" ErrorIdentifier="1"/>
            <Error_ID_Action Action="COLD_START" Description="Segmentation Error" ErrorIdentifier="2"/>
            <Error_ID_Action Action="COLD_START" Description="Unimplemented Error" ErrorIdentifier="3"/>
            <Error_ID_Action Action="IGNORE" Description="Floating Point Error" ErrorIdentifier="4"/>
            <Error_ID_Action Action="COLD_START" Description="Overflow Error" ErrorIdentifier="5"/>
            <Error_ID_Action Action="COLD_START" Description="Divide by zero" ErrorIdentifier="6"/>
            <Error_ID_Action Action="COLD_START" Description="I/O Error" ErrorIdentifier="7"/>
            <Error_ID_Action Action="COLD_START" Description="Stack error" ErrorIdentifier="10"/>
            <Error_ID_Action Action="IGNORE" Description="Debug Error" ErrorIdentifier="11"/>
            <Error_ID_Action Action="WARM_START" Description="APEX Error" ErrorIdentifier="12"/>
            <Error_ID_Action Action="WARM_START" Description="Deadline Miss" ErrorIdentifier="13"/>
            <Error_ID_Action Action="COLD_START" Description="App Hardware Error" ErrorIdentifier="14"/>
        </System_State_Entry>
        <System_State_Entry Description="Partition Application" SystemState="4">
            <Error_ID_Action Action="IGNORE" Description="Power Interrupt" ErrorIdentifier="0"/>
            <Error_ID_Action Action="COLD_START" Description="Illegal Instruction" ErrorIdentifier="1"/>
            <Error_ID_Action Action="COLD_START" Description="Segmentation Error" ErrorIdentifier="2"/>
            <Error_ID_Action Action="COLD_START" Description="Unimplemented Error" ErrorIdentifier="3"/>
            <Error_ID_Action Action="IGNORE" Description="Floating Point Error" ErrorIdentifier="4"/>
            <Error_ID_Action Action="WARM_START" Description="Overflow Error" ErrorIdentifier="5"/>
            <Error_ID_Action Action="WARM_START" Description="Divide by zero" ErrorIdentifier="6"/>
            <Error_ID_Action Action="COLD_START" Description="I/O Error" ErrorIdentifier="7"/>
            <Error_ID_Action Action="COLD_START" Description="Stack error" ErrorIdentifier="10"/>
            <Error_ID_Action Action="IGNORE" Description="Debug Error" ErrorIdentifier="11"/>
            <Error_ID_Action Action="WARM_START" Description="APEX Error" ErrorIdentifier="12"/>
            <Error_ID_Action Action="WARM_START" Description="Deadline Miss" ErrorIdentifier="13"/>
        </System_State_Entry>
    </Partition_HM_Table>
	
    <!-- =========================================================================================
    Connection Table
    ========================================================================================= -->
    <Connection_Table>  
	
    </Connection_Table>
	
    <AIR_Configuration TicksPerSecond="100" RequiredCores="1"/>
</ARINC_653_Module>  
